bash: Kann die Prozessgruppe des Terminals nicht setzen (-1).: Unpassender IOCTL (I/O-Control) für das Gerät
bash: Keine Jobsteuerung in dieser Shell
This is Ginkgo 2.0.0 (develop)
    running with core module 2.0.0 (develop)
    the reference module is  2.0.0 (develop)
    the OpenMP    module is  not compiled
    the CUDA      module is  not compiled
    the HIP       module is  not compiled
    the DPCPP     module is  2.0.0 (develop)
=== Ginkgo SYCL Preconditioner Sweep on BMG-G31 ===
Mesh: 500x500 = 250000 rows (~1250000 nnz)
Executor: dpcpp

Building Poisson matrix... 1248000 nnz

=== RESULTS ===
  BJ(maxBlockSize=1):
    factory built:    yes
    solver generated: yes
    solve completed:  yes
    total ms:         48.9516

  BJ(maxBlockSize=2):
    factory built:    yes
    solver generated: yes
    solve completed:  yes
    total ms:         119.727

  ILU (ParIlu factor + Ilu apply):
    factory built:    yes
    solver generated: yes
    solve completed:  yes
    total ms:         1294.05

  ICT (ParIct factor + Ic apply):
    factory built:    yes
    solver generated: yes
    solve completed:  yes
    total ms:         7908.05

  ISAI sparsityPower=1:
    factory built:    yes
    solver generated: yes
    solve completed:  yes
    total ms:         59.5066

