bash: Kann die Prozessgruppe des Terminals nicht setzen (-1).: Unpassender IOCTL (I/O-Control) für das Gerät
bash: Keine Jobsteuerung in dieser Shell
This is Ginkgo 2.0.0 (develop)
    running with core module 2.0.0 (develop)
    the reference module is  2.0.0 (develop)
    the OpenMP    module is  not compiled
    the CUDA      module is  not compiled
    the HIP       module is  not compiled
    the DPCPP     module is  2.0.0 (develop)
=== Ginkgo SYCL Preconditioner Sweep on BMG-G31 ===
Mesh: 2000x2000 = 4000000 rows (~20000000 nnz)
Executor: dpcpp

Building Poisson matrix... 19992000 nnz

=== RESULTS ===
  BJ(maxBlockSize=1):
    factory built:    yes
    solver generated: yes
    solve completed:  yes
    total ms:         187.139

  BJ(maxBlockSize=2):
    factory built:    yes
    solver generated: yes
    solve completed:  yes
    total ms:         1748.82

  ILU (ParIlu factor + Ilu apply):
    factory built:    yes
    solver generated: yes
    solve completed:  yes
    total ms:         6478.37

  ICT (ParIct factor + Ic apply):
    factory built:    yes
    solver generated: yes
    solve completed:  yes
    total ms:         39555.1

  ISAI sparsityPower=1:
    factory built:    yes
    solver generated: yes
    solve completed:  yes
    total ms:         662.626

