bash: Kann die Prozessgruppe des Terminals nicht setzen (-1).: Unpassender IOCTL (I/O-Control) für das Gerät
bash: Keine Jobsteuerung in dieser Shell
This is Ginkgo 2.0.0 (develop)
    running with core module 2.0.0 (develop)
    the reference module is  2.0.0 (develop)
    the OpenMP    module is  not compiled
    the CUDA      module is  not compiled
    the HIP       module is  not compiled
    the DPCPP     module is  2.0.0 (develop)
=== Ginkgo SYCL Preconditioner Sweep on BMG-G31 ===
Mesh: 1000x1000 = 1000000 rows (~5000000 nnz)
Executor: dpcpp

Building Poisson matrix... 4996000 nnz

=== RESULTS ===
  BJ(maxBlockSize=1):
    factory built:    yes
    solver generated: yes
    solve completed:  yes
    total ms:         67.9193

  BJ(maxBlockSize=2):
    factory built:    yes
    solver generated: yes
    solve completed:  yes
    total ms:         436.706

  ILU (ParIlu factor + Ilu apply):
    factory built:    yes
    solver generated: yes
    solve completed:  yes
    total ms:         2785.57

  ICT (ParIct factor + Ic apply):
    factory built:    yes
    solver generated: yes
    solve completed:  yes
    total ms:         17630.5

  ISAI sparsityPower=1:
    factory built:    yes
    solver generated: yes
    solve completed:  yes
    total ms:         183.613

